<?xml version="1.0" encoding="UTF-8"?>
<!-- Generated by org.testng.reporters.JUnitXMLReporter -->
<testsuite ignored="0" hostname="DESKTOP-3M3FMOC" failures="0" tests="3" name="Test" time="23.541" errors="0" timestamp="22 Aug 2021 14:10:54 GMT">
  <testcase classname="FrameWork.Selenium.Homepage" name="basePageNavigation" time="1.957"/>
  <testcase classname="FrameWork.Selenium.Homepage" name="basePageNavigation" time="1.626"/>
  <testcase classname="FrameWork.Selenium.ValidateTitle" name="basePageNavigation" time="0.131"/>
</testsuite> <!-- Test -->
