<?xml version="1.0" encoding="UTF-8"?>
<!-- Generated by org.testng.reporters.JUnitXMLReporter -->
<testsuite hostname="DESKTOP-3M3FMOC" ignored="0" name="Test" tests="3" failures="0" timestamp="22 Aug 2021 13:59:50 GMT" time="24.833" errors="0">
  <testcase name="basePageNavigation" time="1.933" classname="FrameWork.Selenium.Homepage"/>
  <testcase name="basePageNavigation" time="1.83" classname="FrameWork.Selenium.Homepage"/>
  <testcase name="basePageNavigation" time="0.19" classname="FrameWork.Selenium.ValidateTitle"/>
</testsuite> <!-- Test -->
